Info : ftdi: if you experience problems at higher adapter clocks, try the command "ftdi_tdo_sample_edge falling"
Info : clock speed 20000 kHz
Info : JTAG tap: esp32.cpu0 tap/device found: 0x120034e5 (mfg: 0x272 (Tensilica), part: 0x2003, ver: 0x1)
Info : JTAG tap: esp32.cpu1 tap/device found: 0x120034e5 (mfg: 0x272 (Tensilica), part: 0x2003, ver: 0x1)
Info : Target halted. PRO_CPU: PC=0x400D3032 (active)    APP_CPU: PC=0x40087523 
Info : accepting 'gdb' connection from pipe
Info : Use core0 of target 'esp32'
Info : active_cpu: 0, changed to 1, reson = 0x8011cc11
Info : Target halted. PRO_CPU: PC=0x4000419E             APP_CPU: PC=0x40087523 (active)
Info : Auto-detected flash size 28866 KB
Info : Using flash size 28866 KB
Info : JTAG tap: esp32.cpu0 tap/device found: 0x120034e5 (mfg: 0x272 (Tensilica), part: 0x2003, ver: 0x1)
Info : JTAG tap: esp32.cpu1 tap/device found: 0x120034e5 (mfg: 0x272 (Tensilica), part: 0x2003, ver: 0x1)
Info : esp32: Debug controller was reset (pwrstat=0x5F, after clear 0x0F).
Info : esp32: Core was reset (pwrstat=0x5F, after clear 0x0F).
Info : Target halted. PRO_CPU: PC=0x5000004B (active)    APP_CPU: PC=0x00000000 
esp32: target state: halted
Info : esp32: Core was reset (pwrstat=0x1F, after clear 0x0F).
Info : Target halted. PRO_CPU: PC=0x40000400 (active)    APP_CPU: PC=0x40000400 
esp32: target state: halted
Info : Target halted. PRO_CPU: PC=0x400E36B7 (active)    APP_CPU: PC=0x400D3032 
Info : active_cpu: 0, changed to 1, reson = 0x8011cc11
Info : Target halted. PRO_CPU: PC=0x400D3032             APP_CPU: PC=0x400D0976 (active)
Info : Target halted. PRO_CPU: PC=0x400D3032             APP_CPU: PC=0x400D0979 (active)
Info : Target halted. PRO_CPU: PC=0x400D3032             APP_CPU: PC=0x40087523 (active)
Info : dropped 'gdb' connection
